<?xml version="1.0" encoding="UTF-8"?>
<!-- Generated by org.testng.reporters.JUnitReportReporter -->
<testsuite hostname="d748348-w10n" failures="0" tests="1" name="Test.Lecture145_1" time="0.001" errors="0" timestamp="2020-10-17T11:58:25 IST" skipped="0">
  <testcase classname="Test.Lecture145_1" name="Intermediate" time="0.001"/>
</testsuite> <!-- Test.Lecture145_1 -->
