<?xml version="1.0" encoding="UTF-8"?>
<!-- Generated by org.testng.reporters.JUnitReportReporter -->
<testsuite hostname="d748348-w10n" failures="0" tests="2" name="Test.Lecture145_4" time="0.002" errors="0" timestamp="2020-10-27T10:57:15 IST" skipped="0">
  <testcase classname="Test.Lecture145_4" name="mobileLoginHome" time="0.001"/>
  <testcase classname="Test.Lecture145_4" name="apiLoginHome" time="0.001"/>
</testsuite> <!-- Test.Lecture145_4 -->
