<?xml version="1.0" encoding="UTF-8"?>
<!-- Generated by org.testng.reporters.JUnitReportReporter -->
<testsuite hostname="d748348-w10n" failures="0" tests="1" name="Test.Lecture145_2" time="0.006" errors="0" timestamp="2020-10-27T10:57:15 IST" skipped="0">
  <testcase classname="Test.Lecture145_2" name="sanity" time="0.006"/>
</testsuite> <!-- Test.Lecture145_2 -->
