<?xml version="1.0" encoding="UTF-8"?>
<!-- Generated by org.testng.reporters.JUnitReportReporter -->
<testsuite hostname="d748348-w10n" failures="0" tests="1" name="Test.day5" time="0.009" errors="0" timestamp="2020-10-25T09:52:32 IST" skipped="0">
  <testcase classname="Test.day5" name="WebLoginCarlogin" time="0.009"/>
</testsuite> <!-- Test.day5 -->
