<?xml version="1.0" encoding="UTF-8"?>
<!-- Generated by org.testng.reporters.JUnitReportReporter -->
<testsuite hostname="d748348-w10n" failures="0" tests="1" name="Test.Lecture145" time="0.007" errors="0" timestamp="2020-10-15T09:51:53 IST" skipped="0">
  <testcase classname="Test.Lecture145" name="PL" time="0.007"/>
</testsuite> <!-- Test.Lecture145 -->
